<?xml version="1.0" encoding="UTF-8"?>
<testng-results total="1" passed="1" failed="0" skipped="0">
  <reporter-output>
  </reporter-output>
  <suite started-at="2026-06-24T00:40:22Z" name="Surefire suite" finished-at="2026-06-24T00:42:07Z" duration-ms="104944">
    <groups>
    </groups>
    <test started-at="2026-06-24T00:40:22Z" name="Surefire test" finished-at="2026-06-24T00:42:07Z" duration-ms="104944">
      <class name="testcases.PurchaseOrderTest">
        <test-method is-config="true" signature="setUp()" started-at="2026-06-24T00:40:22Z" name="setUp" finished-at="2026-06-24T00:40:26Z" duration-ms="3314" status="PASS">
        </test-method>
        <test-method signature="test_createPurchaseOrderForSingleProduct()" started-at="2026-06-24T00:40:26Z" name="test_createPurchaseOrderForSingleProduct" finished-at="2026-06-24T00:42:07Z" duration-ms="101164" status="PASS">
        </test-method>
        <test-method is-config="true" signature="tearDown()" started-at="2026-06-24T00:42:07Z" name="tearDown" finished-at="2026-06-24T00:42:07Z" duration-ms="462" status="PASS">
        </test-method>
      </class>
    </test>
  </suite>
</testng-results>
