<?xml version="1.0" encoding="UTF-8"?>
<testsuite xmlns:xsi="http://www.w3.org/2001/XMLSchema-instance" xsi:noNamespaceSchemaLocation="https://maven.apache.org/surefire/maven-surefire-plugin/xsd/surefire-test-report.xsd" version="3.0.2" name="testcases.PurchaseOrderTest" time="105.178" tests="1" errors="0" skipped="0" failures="0">
  <properties>
[...]
</properties>
  <testcase name="test_createPurchaseOrderForSingleProduct" classname="testcases.PurchaseOrderTest" time="101.163">
    <system-out><![CDATA[WebDriverManager failed to setup edgedriver, falling back to system PATH: io.github.bonigarcia.wdm.config.WebDriverManagerException: java.net.UnknownHostException: msedgedriver.azureedge.net
Navigating to Amazon.com: http://www.amazon.com
INITIALIZING: Deleting all Items in Cart.

HOME_PAGE: Cart count not available, assuming 0.
	* There are already '0' items in the Shopping Cart.
SEARCH: Searching for 'encyclopedia latest edition' on home page.
SEARCH: Navigated to search results: https://www.amazon.com/s?k=encyclopedia+latest+edition&s=price-asc-rank
SEARCH: Navigated directly to product: https://www.amazon.com/dp/1786170191
sleeping 3500 ms
PRODUCT_TITLE: 'ENCYCLOPEDIA OF KNOWLEDGE'
PRODUCT_AUTHOR: 'by Richard Kelly (Author) Format: Hardcover'
PRODUCT_EDITION: '29 global ratings'
PRODUCT_PRICE: 'INR 435.80'
PRODUCT_RATING: '4.4'
Saved screenshot: C:\Users\Vishesh\Downloads\Automate-amazon-website-main\Automate-amazon-website\target\screenshots\product-detail.png
]]></system-out>
    <system-err><![CDATA[SLF4J: No SLF4J providers were found.
SLF4J: Defaulting to no-operation (NOP) logger implementation
SLF4J: See https://www.slf4j.org/codes.html#noProviders for further details.
ERROR StatusLogger No log4j2 configuration file found. Using default configuration: logging only errors to the console.
Jun 24, 2026 12:40:26 AM org.openqa.selenium.devtools.CdpVersionFinder findNearestMatch
WARNING: Unable to find CDP implementation matching 149
Jun 24, 2026 12:40:26 AM org.openqa.selenium.chromium.ChromiumDriver lambda$new$5
WARNING: Unable to find version of CDP to use for 149.0.4022.80. You may need to include a dependency on a specific version of the CDP using something similar to `org.seleniumhq.selenium:selenium-devtools-v86:4.11.0` where the version ("v86") matches the version of the chromium-based browser you're using and the version number of the artifact is the same as Selenium's.
]]></system-err>
  </testcase>
</testsuite>